d:\git\snakecross\x64\debug\stat.obj
d:\git\snakecross\x64\debug\someapi.obj
d:\git\snakecross\x64\debug\snakepln.obj
d:\git\snakecross\x64\debug\snakegfx.obj
d:\git\snakecross\x64\debug\snakectl.obj
d:\git\snakecross\x64\debug\snakecls.obj
d:\git\snakecross\x64\debug\snakecel.obj
d:\git\snakecross\x64\debug\options.obj
d:\git\snakecross\x64\debug\moc_stat.obj
d:\git\snakecross\x64\debug\moc_options.obj
d:\git\snakecross\debug\moc_mainwindow.cpp
d:\git\snakecross\debug\moc_options.cpp
d:\git\snakecross\debug\moc_stat.cpp
d:\git\snakecross\generatedfiles\ui_mainwindow.h
d:\git\snakecross\generatedfiles\ui_options.h
d:\git\snakecross\generatedfiles\ui_stat.h
d:\git\snakecross\x64\debug\qt-opengl-labs.pdb
d:\git\snakecross\x64\debug\vc120.pdb
d:\git\snakecross\x64\debug\snakeqt.tlog\cl.command.1.tlog
d:\git\snakecross\x64\debug\snakeqt.tlog\cl.read.1.tlog
d:\git\snakecross\x64\debug\snakeqt.tlog\cl.write.1.tlog
d:\git\snakecross\x64\debug\snakeqt.tlog\custombuild.command.1.tlog
d:\git\snakecross\x64\debug\snakeqt.tlog\custombuild.read.1.tlog
d:\git\snakecross\x64\debug\snakeqt.tlog\custombuild.write.1.tlog
